#-----------------------------------------------------------
# Vivado v2018.2 (64-bit)
# SW Build 2258646 on Thu Jun 14 20:03:12 MDT 2018
# IP Build 2256618 on Thu Jun 14 22:10:49 MDT 2018
# Start of session at: Mon Jul 22 21:42:52 2024
# Process ID: 15104
# Current directory: C:/Users/Fayz/OneDrive/Desktop/SV_PRACTICE/SPI
# Command line: vivado.exe -gui_launcher_event rodinguilauncherevent4060 C:\Users\Fayz\OneDrive\Desktop\SV_PRACTICE\SPI\SPI.xpr
# Log file: C:/Users/Fayz/OneDrive/Desktop/SV_PRACTICE/SPI/vivado.log
# Journal file: C:/Users/Fayz/OneDrive/Desktop/SV_PRACTICE/SPI\vivado.jou
#-----------------------------------------------------------
start_gui
open_project C:/Users/Fayz/OneDrive/Desktop/SV_PRACTICE/SPI/SPI.xpr
Scanning sources...
Finished scanning sources
INFO: [IP_Flow 19-234] Refreshing IP repositories
INFO: [IP_Flow 19-1704] No user IP repositories specified
INFO: [IP_Flow 19-2313] Loaded Vivado IP repository 'E:/Vivado/2018.2/data/ip'.
open_project: Time (s): cpu = 00:00:32 ; elapsed = 00:00:35 . Memory (MB): peak = 847.621 ; gain = 134.590
update_compile_order -fileset sources_1
exit
INFO: [Common 17-206] Exiting Vivado at Tue Jul 23 14:36:29 2024...
